<?xml version="1.0" encoding="UTF-8"?>
<!-- Generated by org.testng.reporters.JUnitXMLReporter -->
<testsuite ignored="0" hostname="RithikaRahul" failures="0" tests="4" name="Default test" time="62.35" errors="0" timestamp="2024-02-08T20:26:49 IST">
  <testcase classname="Testpkg.nutritest" name="test" time="8.541"/>
  <testcase classname="Testpkg.nutritest" name="pdt" time="5.73"/>
  <testcase classname="Testpkg.nutritest" name="buyNow" time="20.356"/>
  <testcase classname="Testpkg.nutritest" name="signout" time="20.513"/>
</testsuite> <!-- Default test -->
