<?xml version="1.0" encoding="UTF-8"?>
<testng-results ignored="0" total="4" passed="4" failed="0" skipped="0">
  <reporter-output>
  </reporter-output>
  <suite started-at="2024-02-08T20:25:46 IST" name="Default suite" finished-at="2024-02-08T20:26:49 IST" duration-ms="62350">
    <groups>
    </groups>
    <test started-at="2024-02-08T20:25:46 IST" name="Default test" finished-at="2024-02-08T20:26:49 IST" duration-ms="62350">
      <class name="Testpkg.nutritest">
        <test-method is-config="true" signature="setup()[pri:0, instance:Testpkg.nutritest@130c12b7]" started-at="2024-02-08T20:25:46 IST" name="setup" finished-at="2024-02-08T20:25:53 IST" duration-ms="7120" status="PASS">
          <reporter-output>
          </reporter-output>
        </test-method> <!-- setup -->
        <test-method signature="test()[pri:0, instance:Testpkg.nutritest@130c12b7]" started-at="2024-02-08T20:25:54 IST" name="test" finished-at="2024-02-08T20:26:02 IST" duration-ms="8541" status="PASS">
          <reporter-output>
          </reporter-output>
        </test-method> <!-- test -->
        <test-method signature="pdt()[pri:1, instance:Testpkg.nutritest@130c12b7]" started-at="2024-02-08T20:26:02 IST" name="pdt" finished-at="2024-02-08T20:26:08 IST" duration-ms="5730" status="PASS">
          <reporter-output>
          </reporter-output>
        </test-method> <!-- pdt -->
        <test-method signature="buyNow()[pri:2, instance:Testpkg.nutritest@130c12b7]" started-at="2024-02-08T20:26:08 IST" name="buyNow" finished-at="2024-02-08T20:26:28 IST" duration-ms="20356" status="PASS">
          <reporter-output>
          </reporter-output>
        </test-method> <!-- buyNow -->
        <test-method signature="signout()[pri:3, instance:Testpkg.nutritest@130c12b7]" started-at="2024-02-08T20:26:28 IST" name="signout" finished-at="2024-02-08T20:26:49 IST" duration-ms="20513" status="PASS">
          <reporter-output>
          </reporter-output>
        </test-method> <!-- signout -->
      </class> <!-- Testpkg.nutritest -->
    </test> <!-- Default test -->
  </suite> <!-- Default suite -->
</testng-results>
